<?xml version="1.0" encoding="UTF-8"?>
<!-- Generated by org.testng.reporters.JUnitReportReporter -->
<testsuite hostname="LAPTOP-KAR4A207" failures="0" tests="1" name="testNGFramework.TestNGTutorials" time="0.011" errors="0" timestamp="2024-11-22T22:43:19 IST" skipped="0">
  <testcase classname="testNGFramework.TestNGTutorials" name="Demo" time="0.011"/>
</testsuite> <!-- testNGFramework.TestNGTutorials -->
