<?xml version="1.0" encoding="UTF-8"?>
<!-- Generated by org.testng.reporters.JUnitReportReporter -->
<testsuite hostname="LAPTOP-KAR4A207" failures="0" tests="9" name="testNGPackage.TestNGBasics2" time="0.055" errors="0" timestamp="2024-11-23T12:49:04 IST" skipped="0">
  <testcase classname="testNGPackage.TestNGBasics2" name="AAAb" time="0.007"/>
  <testcase classname="testNGPackage.TestNGBasics2" name="API" time="0.004"/>
  <testcase classname="testNGPackage.TestNGBasics2" name="BC" time="0.004"/>
  <testcase classname="testNGPackage.TestNGBasics2" name="BCd" time="0.010"/>
  <testcase classname="testNGPackage.TestNGBasics2" name="Day2" time="0.006"/>
  <testcase classname="testNGPackage.TestNGBasics2" name="AAAb" time="0.008"/>
  <testcase classname="testNGPackage.TestNGBasics2" name="Day3" time="0.005"/>
  <testcase classname="testNGPackage.TestNGBasics2" name="group1" time="0.005"/>
  <testcase classname="testNGPackage.TestNGBasics2" name="AAAb" time="0.006"/>
</testsuite> <!-- testNGPackage.TestNGBasics2 -->
