<?xml version="1.0" encoding="UTF-8"?>
<!-- Generated by org.testng.reporters.JUnitReportReporter -->
<testsuite hostname="LAPTOP-KAR4A207" failures="0" tests="1" name="testNGPackage.Day3" time="0.001" errors="0" timestamp="2024-11-23T11:19:58 IST" skipped="0">
  <testcase classname="testNGPackage.Day3" name="group3" time="0.001"/>
</testsuite> <!-- testNGPackage.Day3 -->
