<?xml version="1.0" encoding="UTF-8"?>
<!-- Generated by org.testng.reporters.JUnitReportReporter -->
<testsuite hostname="LAPTOP-KAR4A207" failures="0" tests="1" name="testNGPackage.PS1" time="0.036" errors="0" timestamp="2024-11-23T13:54:31 IST" skipped="0">
  <testcase classname="testNGPackage.PS1" name="Testrun" time="0.036"/>
</testsuite> <!-- testNGPackage.PS1 -->
