<?xml version="1.0" encoding="UTF-8"?>
<!-- Generated by org.testng.reporters.JUnitReportReporter -->
<testsuite hostname="LAPTOP-KAR4A207" failures="0" tests="1" name="cucumber.TestNGTestRunner" time="14.043" errors="0" timestamp="2024-11-30T20:12:13 IST" skipped="0">
  <testcase classname="cucumber.TestNGTestRunner" name="runScenario" time="14.043"/>
  <system-out/>
</testsuite> <!-- cucumber.TestNGTestRunner -->
