<?xml version="1.0" encoding="UTF-8"?>
<!-- Generated by org.testng.reporters.JUnitReportReporter -->
<testsuite hostname="LAPTOP-KAR4A207" failures="0" tests="1" name="Santhosh.tests.ErrorValidations" time="17.020" errors="0" timestamp="2024-11-24T22:45:35 IST" skipped="0">
  <testcase classname="Santhosh.tests.ErrorValidations" name="SeleniumTest" time="17.020"/>
</testsuite> <!-- Santhosh.tests.ErrorValidations -->
