<?xml version="1.0" encoding="UTF-8"?>
<!-- Generated by org.testng.reporters.JUnitReportReporter -->
<testsuite hostname="LAPTOP-KAR4A207" failures="0" tests="2" name="Santhosh.tests.StandaloneSeleniumTest" time="19.787" errors="0" timestamp="2024-11-28T21:58:46 IST" skipped="0">
  <testcase classname="Santhosh.tests.StandaloneSeleniumTest" name="SeleniumTest" time="13.054"/>
  <testcase classname="Santhosh.tests.StandaloneSeleniumTest" name="OrderHistoryTest" time="6.733"/>
</testsuite> <!-- Santhosh.tests.StandaloneSeleniumTest -->
