<?xml version="1.0" encoding="UTF-8"?>
<!-- Generated by org.testng.reporters.JUnitReportReporter -->
<testsuite hostname="LAPTOP-KAR4A207" failures="0" tests="1" name="Santhosh.tests.JsonTest" time="19.729" errors="0" timestamp="2024-11-26T10:26:44 IST" skipped="0">
  <testcase classname="Santhosh.tests.JsonTest" name="SeleniumTest" time="19.729"/>
</testsuite> <!-- Santhosh.tests.JsonTest -->
