<?xml version="1.0" encoding="UTF-8"?>
<!-- Generated by org.testng.reporters.JUnitReportReporter -->
<testsuite hostname="LAPTOP-KAR4A207" failures="0" tests="1" name="Santhosh.tests.HashMapInputs" time="17.534" errors="0" timestamp="2024-11-25T22:38:34 IST" skipped="0">
  <testcase classname="Santhosh.tests.HashMapInputs" name="SeleniumTest" time="17.534"/>
</testsuite> <!-- Santhosh.tests.HashMapInputs -->
