<?xml version="1.0" encoding="UTF-8"?>
<!-- Generated by org.testng.reporters.JUnitReportReporter -->
<testsuite hostname="LAPTOP-KAR4A207" failures="0" tests="1" name="Santhosh.ExtentReports.ExtentReports" time="17.338" errors="0" timestamp="2024-11-26T11:01:05 IST" skipped="0">
  <testcase classname="Santhosh.ExtentReports.ExtentReports" name="InitialDemo" time="17.338"/>
</testsuite> <!-- Santhosh.ExtentReports.ExtentReports -->
