<?xml version="1.0" encoding="UTF-8"?>
<!-- Generated by org.testng.reporters.JUnitReportReporter -->
<testsuite hostname="LAPTOP-KAR4A207" failures="0" tests="1" name="Santhosh.ExtentReports.ExtentReportsUpdated" time="14.609" errors="0" timestamp="2024-11-26T11:36:28 IST" skipped="0">
  <testcase classname="Santhosh.ExtentReports.ExtentReportsUpdated" name="InitialDemo" time="14.609"/>
</testsuite> <!-- Santhosh.ExtentReports.ExtentReportsUpdated -->
